<?xml version="1.0" encoding="UTF-8"?>
<testng-results ignored="0" total="1" passed="1" failed="0" skipped="0">
  <reporter-output>
  </reporter-output>
  <suite started-at="2026-03-01T22:17:20 IST" name="Suite" finished-at="2026-03-01T22:17:32 IST" duration-ms="11684">
    <groups>
    </groups>
    <test started-at="2026-03-01T22:17:20 IST" name="Test" finished-at="2026-03-01T22:17:32 IST" duration-ms="11684">
      <class name="testscripts.HomeTest">
        <test-method is-config="true" signature="browserInitialization(java.lang.String)[pri:0, instance:testscripts.HomeTest@2d0399f4]" started-at="2026-03-01T22:17:20 IST" name="browserInitialization" finished-at="2026-03-01T22:17:29 IST" duration-ms="8576" status="PASS">
          <params>
            <param index="0">
              <value>
                <![CDATA[chrome]]>
              </value>
            </param>
          </params>
          <reporter-output>
          </reporter-output>
        </test-method> <!-- browserInitialization -->
        <test-method signature="verifyWhetherUserisAbletoLogoutSuccessfully()[pri:0, instance:testscripts.HomeTest@2d0399f4]" started-at="2026-03-01T22:17:29 IST" name="verifyWhetherUserisAbletoLogoutSuccessfully" finished-at="2026-03-01T22:17:32 IST" duration-ms="2991" status="PASS">
          <reporter-output>
          </reporter-output>
        </test-method> <!-- verifyWhetherUserisAbletoLogoutSuccessfully -->
        <test-method is-config="true" signature="driverQuit(org.testng.ITestResult)[pri:0, instance:testscripts.HomeTest@2d0399f4]" started-at="2026-03-01T22:17:32 IST" name="driverQuit" finished-at="2026-03-01T22:17:32 IST" duration-ms="2" status="PASS">
          <params>
            <param index="0">
              <value>
                <![CDATA[[TestResult name=verifyWhetherUserisAbletoLogoutSuccessfully status=SUCCESS method=HomeTest.verifyWhetherUserisAbletoLogoutSuccessfully()[pri:0, instance:testscripts.HomeTest@2d0399f4] output={null}]]]>
              </value>
            </param>
          </params>
          <reporter-output>
          </reporter-output>
        </test-method> <!-- driverQuit -->
      </class> <!-- testscripts.HomeTest -->
    </test> <!-- Test -->
  </suite> <!-- Suite -->
</testng-results>
